<?xml version="1.0" encoding="UTF-8"?>
<testsuite name="com.example.demo.qualifier.ComputerTest2" tests="1" skipped="0" failures="0" errors="0" timestamp="2024-10-17T08:33:00" hostname="DESKTOP-TC3SV48" time="0.003">
  <properties/>
  <testcase name="widthTest()" classname="com.example.demo.qualifier.ComputerTest2" time="0.003"/>
  <system-out><![CDATA[2024-10-17T17:33:00.885+09:00  INFO 12800 --- [    Test worker] t.c.s.AnnotationConfigContextLoaderUtils : Could not detect default configuration classes for test class [com.example.demo.qualifier.ComputerTest2]: ComputerTest2 does not declare any static, non-private, non-final, nested classes annotated with @Configuration.
2024-10-17T17:33:00.890+09:00  INFO 12800 --- [    Test worker] .b.t.c.SpringBootTestContextBootstrapper : Found @SpringBootConfiguration com.example.demo.DemoApplication for test class com.example.demo.qualifier.ComputerTest2
1920
]]></system-out>
  <system-err><![CDATA[]]></system-err>
</testsuite>
